<?xml version="1.0" encoding="UTF-8"?><testsuite name="nosetests" tests="4" errors="0" failures="0" skip="0"><testcase classname="fedal_cli.tests.test_api_cli.TestCLI" name="test_get_token" time="0.010"></testcase><testcase classname="fedal_cli.tests.test_api_cli.TestCLI" name="test_get_token_cached_times_diff_hours" time="0.003"></testcase><testcase classname="fedal_cli.tests.test_api_cli.TestCLI" name="test_get_token_cached_times_diff_minutes" time="0.002"></testcase><testcase classname="fedal_cli.tests.test_api_cli.TestCLI" name="test_get_token_cached_times_diff_seconds" time="0.002"></testcase></testsuite>