<?xml version="1.0" encoding="UTF-8"?><testsuite name="nosetests" tests="28" errors="0" failures="0" skip="0"><testcase classname="fedal_cli.tests.apis.test_currency.TestCurrency" name="test_convert_currency" time="0.279"></testcase><testcase classname="fedal_cli.tests.apis.test_currency.TestCurrency" name="test_get_all_rates" time="0.250"></testcase><testcase classname="fedal_cli.tests.apis.test_currency.TestCurrency" name="test_get_code_ok" time="0.021"></testcase><testcase classname="fedal_cli.tests.apis.test_currency.TestCurrency" name="test_get_rate" time="0.251"></testcase><testcase classname="fedal_cli.tests.services.test_requester.TestRequester" name="test_make_request_delete" time="0.010"></testcase><testcase classname="fedal_cli.tests.services.test_requester.TestRequester" name="test_make_request_get_with_args" time="0.011"></testcase><testcase classname="fedal_cli.tests.services.test_requester.TestRequester" name="test_make_request_get_with_no_args" time="0.011"></testcase><testcase classname="fedal_cli.tests.services.test_requester.TestRequester" name="test_make_request_post" time="0.011"></testcase><testcase classname="fedal_cli.tests.services.test_requester.TestRequester" name="test_make_request_put" time="0.010"></testcase><testcase classname="fedal_cli.tests.services.test_requester.TestRequester" name="test_make_request_with_unknown_action" time="0.002"></testcase><testcase classname="fedal_cli.tests.services.test_tokens.TestTokens" name="test_get_token_cached_times_diff_default" time="0.006"></testcase><testcase classname="fedal_cli.tests.services.test_tokens.TestTokens" name="test_get_token_cached_times_diff_hours" time="0.012"></testcase><testcase classname="fedal_cli.tests.services.test_tokens.TestTokens" name="test_get_token_cached_times_diff_minutes" time="0.006"></testcase><testcase classname="fedal_cli.tests.services.test_tokens.TestTokens" name="test_get_token_cached_times_diff_seconds" time="0.005"></testcase><testcase classname="fedal_cli.tests.services.test_tokens.TestTokens" name="test_get_token_existing_token_and_verified" time="0.006"></testcase><testcase classname="fedal_cli.tests.services.test_tokens.TestTokens" name="test_get_token_existing_token_not_verified" time="0.147"></testcase><testcase classname="fedal_cli.tests.services.test_tokens.TestTokens" name="test_get_token_false" time="0.128"><system-out><![CDATA[token can not be set
]]></system-out></testcase><testcase classname="fedal_cli.tests.services.test_tokens.TestTokens" name="test_get_token_invalid_token_get_new_from_refresh" time="0.144"></testcase><testcase classname="fedal_cli.tests.services.test_tokens.TestTokens" name="test_get_token_not_valid_token_not_verified" time="0.134"></testcase><testcase classname="fedal_cli.tests.services.test_tokens.TestTokens" name="test_get_token_ok" time="0.126"></testcase><testcase classname="fedal_cli.tests.services.test_tokens.TestTokens" name="test_get_token_with_invalid_user" time="0.263"><system-out><![CDATA[token can not be set retrieved
]]></system-out></testcase><testcase classname="fedal_cli.tests.services.test_tokens.TestTokens" name="test_get_token_with_invalid_user_no_refresh_token" time="0.256"><system-out><![CDATA[token can not be set retrieved
]]></system-out></testcase><testcase classname="fedal_cli.tests.services.test_tokens.TestTokens" name="test_refresh_token_error" time="0.003"></testcase><testcase classname="fedal_cli.tests.services.test_tokens.TestTokens" name="test_refresh_token_ok" time="0.139"></testcase><testcase classname="fedal_cli.tests.services.test_tokens.TestTokens" name="test_set_token_error" time="0.126"></testcase><testcase classname="fedal_cli.tests.services.test_tokens.TestTokens" name="test_set_token_ok" time="0.131"></testcase><testcase classname="fedal_cli.tests.services.test_tokens.TestTokens" name="test_verify_token_False" time="0.010"></testcase><testcase classname="fedal_cli.tests.services.test_tokens.TestTokens" name="test_verify_token_ok" time="0.134"></testcase></testsuite>